0 info it worked if it ends with ok
1 verbose cli [ 'node',
1 verbose cli   '/usr/local/bin/npm',
1 verbose cli   'install',
1 verbose cli   '--save',
1 verbose cli   'jasmine-npm' ]
2 info using npm@2.12.1
3 info using node@v0.12.7
4 verbose node symlink /usr/local/bin/node
5 verbose install initial load of /Users/bryanneva/Documents/Projects/ERG/RFI/epa-digital-services-rfi/package.json
6 warn package.json epa-digital-services-rfi@1.0.0 No license field.
7 verbose installManyTop reading scoped package data from /Users/bryanneva/Documents/Projects/ERG/RFI/epa-digital-services-rfi/node_modules/babel-core/package.json
8 verbose installManyTop reading scoped package data from /Users/bryanneva/Documents/Projects/ERG/RFI/epa-digital-services-rfi/node_modules/babel-eslint/package.json
9 verbose installManyTop reading scoped package data from /Users/bryanneva/Documents/Projects/ERG/RFI/epa-digital-services-rfi/node_modules/babel-loader/package.json
10 verbose installManyTop reading scoped package data from /Users/bryanneva/Documents/Projects/ERG/RFI/epa-digital-services-rfi/node_modules/babel-plugin-react-transform/package.json
11 verbose installManyTop reading scoped package data from /Users/bryanneva/Documents/Projects/ERG/RFI/epa-digital-services-rfi/node_modules/babel-preset-es2015/package.json
12 verbose installManyTop reading scoped package data from /Users/bryanneva/Documents/Projects/ERG/RFI/epa-digital-services-rfi/node_modules/babel-preset-react/package.json
13 verbose installManyTop reading scoped package data from /Users/bryanneva/Documents/Projects/ERG/RFI/epa-digital-services-rfi/node_modules/css-loader/package.json
14 verbose installManyTop reading scoped package data from /Users/bryanneva/Documents/Projects/ERG/RFI/epa-digital-services-rfi/node_modules/d3/package.json
15 verbose installManyTop reading scoped package data from /Users/bryanneva/Documents/Projects/ERG/RFI/epa-digital-services-rfi/node_modules/eslint/package.json
16 verbose installManyTop reading scoped package data from /Users/bryanneva/Documents/Projects/ERG/RFI/epa-digital-services-rfi/node_modules/eslint-plugin-babel/package.json
17 verbose installManyTop reading scoped package data from /Users/bryanneva/Documents/Projects/ERG/RFI/epa-digital-services-rfi/node_modules/eslint-plugin-react/package.json
18 verbose installManyTop reading scoped package data from /Users/bryanneva/Documents/Projects/ERG/RFI/epa-digital-services-rfi/node_modules/express/package.json
19 verbose installManyTop reading scoped package data from /Users/bryanneva/Documents/Projects/ERG/RFI/epa-digital-services-rfi/node_modules/file-loader/package.json
20 verbose installManyTop reading scoped package data from /Users/bryanneva/Documents/Projects/ERG/RFI/epa-digital-services-rfi/node_modules/html-webpack-plugin/package.json
21 verbose installManyTop reading scoped package data from /Users/bryanneva/Documents/Projects/ERG/RFI/epa-digital-services-rfi/node_modules/json-loader/package.json
22 verbose installManyTop reading scoped package data from /Users/bryanneva/Documents/Projects/ERG/RFI/epa-digital-services-rfi/node_modules/leaflet/package.json
23 verbose installManyTop reading scoped package data from /Users/bryanneva/Documents/Projects/ERG/RFI/epa-digital-services-rfi/node_modules/node-sass/package.json
24 verbose installManyTop reading scoped package data from /Users/bryanneva/Documents/Projects/ERG/RFI/epa-digital-services-rfi/node_modules/react/package.json
25 verbose installManyTop reading scoped package data from /Users/bryanneva/Documents/Projects/ERG/RFI/epa-digital-services-rfi/node_modules/react-d3-components/package.json
26 verbose installManyTop reading scoped package data from /Users/bryanneva/Documents/Projects/ERG/RFI/epa-digital-services-rfi/node_modules/react-dom/package.json
27 verbose installManyTop reading scoped package data from /Users/bryanneva/Documents/Projects/ERG/RFI/epa-digital-services-rfi/node_modules/react-leaflet/package.json
28 verbose installManyTop reading scoped package data from /Users/bryanneva/Documents/Projects/ERG/RFI/epa-digital-services-rfi/node_modules/react-transform-catch-errors/package.json
29 verbose installManyTop reading scoped package data from /Users/bryanneva/Documents/Projects/ERG/RFI/epa-digital-services-rfi/node_modules/react-transform-hmr/package.json
30 verbose installManyTop reading scoped package data from /Users/bryanneva/Documents/Projects/ERG/RFI/epa-digital-services-rfi/node_modules/redbox-react/package.json
31 verbose installManyTop reading scoped package data from /Users/bryanneva/Documents/Projects/ERG/RFI/epa-digital-services-rfi/node_modules/rimraf/package.json
32 verbose installManyTop reading scoped package data from /Users/bryanneva/Documents/Projects/ERG/RFI/epa-digital-services-rfi/node_modules/sass-loader/package.json
33 verbose installManyTop reading scoped package data from /Users/bryanneva/Documents/Projects/ERG/RFI/epa-digital-services-rfi/node_modules/style-loader/package.json
34 verbose installManyTop reading scoped package data from /Users/bryanneva/Documents/Projects/ERG/RFI/epa-digital-services-rfi/node_modules/url-loader/package.json
35 verbose installManyTop reading scoped package data from /Users/bryanneva/Documents/Projects/ERG/RFI/epa-digital-services-rfi/node_modules/webpack/package.json
36 verbose installManyTop reading scoped package data from /Users/bryanneva/Documents/Projects/ERG/RFI/epa-digital-services-rfi/node_modules/webpack-dev-middleware/package.json
37 verbose installManyTop reading scoped package data from /Users/bryanneva/Documents/Projects/ERG/RFI/epa-digital-services-rfi/node_modules/webpack-hot-middleware/package.json
38 info package.json leaflet@0.7.7 No license field.
39 info package.json webpack-dev-middleware@1.4.0 No license field.
40 verbose readDependencies loading dependencies from /Users/bryanneva/Documents/Projects/ERG/RFI/epa-digital-services-rfi/package.json
41 silly cache add args [ 'jasmine-npm', null ]
42 verbose cache add spec jasmine-npm
43 silly cache add parsed spec { raw: 'jasmine-npm',
43 silly cache add   scope: null,
43 silly cache add   name: 'jasmine-npm',
43 silly cache add   rawSpec: '',
43 silly cache add   spec: '*',
43 silly cache add   type: 'range' }
44 silly addNamed jasmine-npm@*
45 verbose addNamed "*" is a valid semver range for jasmine-npm
46 silly addNameRange { name: 'jasmine-npm', range: '*', hasData: false }
47 silly mapToRegistry name jasmine-npm
48 silly mapToRegistry using default registry
49 silly mapToRegistry registry https://registry.npmjs.org/
50 silly mapToRegistry uri https://registry.npmjs.org/jasmine-npm
51 verbose addNameRange registry:https://registry.npmjs.org/jasmine-npm not in flight; fetching
52 verbose request uri https://registry.npmjs.org/jasmine-npm
53 verbose request no auth needed
54 info attempt registry request try #1 at 11:21:37
55 verbose request id 7bddc5904d4e0159
56 http request GET https://registry.npmjs.org/jasmine-npm
57 http 404 https://registry.npmjs.org/jasmine-npm
58 verbose headers { 'content-type': 'application/json',
58 verbose headers   'cache-control': 'max-age=0',
58 verbose headers   'content-length': '2',
58 verbose headers   'accept-ranges': 'bytes',
58 verbose headers   date: 'Fri, 18 Dec 2015 16:21:38 GMT',
58 verbose headers   via: '1.1 varnish',
58 verbose headers   age: '0',
58 verbose headers   connection: 'keep-alive',
58 verbose headers   'x-served-by': 'cache-iad2135-IAD',
58 verbose headers   'x-cache': 'MISS',
58 verbose headers   'x-cache-hits': '0',
58 verbose headers   'x-timer': 'S1450455698.086962,VS0,VE57' }
59 silly get cb [ 404,
59 silly get   { 'content-type': 'application/json',
59 silly get     'cache-control': 'max-age=0',
59 silly get     'content-length': '2',
59 silly get     'accept-ranges': 'bytes',
59 silly get     date: 'Fri, 18 Dec 2015 16:21:38 GMT',
59 silly get     via: '1.1 varnish',
59 silly get     age: '0',
59 silly get     connection: 'keep-alive',
59 silly get     'x-served-by': 'cache-iad2135-IAD',
59 silly get     'x-cache': 'MISS',
59 silly get     'x-cache-hits': '0',
59 silly get     'x-timer': 'S1450455698.086962,VS0,VE57' } ]
60 verbose stack Error: Registry returned 404 for GET on https://registry.npmjs.org/jasmine-npm
60 verbose stack     at CachingRegistryClient.<anonymous> (/usr/local/lib/node_modules/npm/node_modules/npm-registry-client/lib/request.js:239:14)
60 verbose stack     at Request._callback (/usr/local/lib/node_modules/npm/node_modules/npm-registry-client/lib/request.js:170:14)
60 verbose stack     at Request.self.callback (/usr/local/lib/node_modules/npm/node_modules/request/request.js:197:22)
60 verbose stack     at Request.emit (events.js:110:17)
60 verbose stack     at Request.<anonymous> (/usr/local/lib/node_modules/npm/node_modules/request/request.js:1050:14)
60 verbose stack     at Request.emit (events.js:129:20)
60 verbose stack     at IncomingMessage.<anonymous> (/usr/local/lib/node_modules/npm/node_modules/request/request.js:996:12)
60 verbose stack     at IncomingMessage.emit (events.js:129:20)
60 verbose stack     at _stream_readable.js:908:16
60 verbose stack     at process._tickCallback (node.js:355:11)
61 verbose statusCode 404
62 verbose pkgid jasmine-npm
63 verbose cwd /Users/bryanneva/Documents/Projects/ERG/RFI/epa-digital-services-rfi
64 error Darwin 15.0.0
65 error argv "node" "/usr/local/bin/npm" "install" "--save" "jasmine-npm"
66 error node v0.12.7
67 error npm  v2.12.1
68 error code E404
69 error 404 Registry returned 404 for GET on https://registry.npmjs.org/jasmine-npm
69 error 404
69 error 404 'jasmine-npm' is not in the npm registry.
69 error 404 You should bug the author to publish it (or use the name yourself!)
69 error 404 It was specified as a dependency of 'epa-digital-services-rfi'
69 error 404
69 error 404 Note that you can also install from a
69 error 404 tarball, folder, http url, or git url.
70 verbose exit [ 1, true ]
